2017-04-06 06:56:19 [-][-][-][error][yii\db\Exception] PDOException: SQLSTATE[HY000] [1049] Unknown database 'xxx' in D:\phpStudy\WWW\xxx\vendor\yiisoft\yii2\db\Connection.php:630
Stack trace:
#0 D:\phpStudy\WWW\xxx\vendor\yiisoft\yii2\db\Connection.php(630): PDO->__construct('mysql:host=loca...', 'root', 'root', NULL)
#1 D:\phpStudy\WWW\xxx\vendor\yiisoft\yii2\db\Connection.php(563): yii\db\Connection->createPdoInstance()
#2 D:\phpStudy\WWW\xxx\vendor\yiisoft\yii2\db\Connection.php(896): yii\db\Connection->open()
#3 D:\phpStudy\WWW\xxx\vendor\yiisoft\yii2\db\Connection.php(883): yii\db\Connection->getMasterPdo()
#4 D:\phpStudy\WWW\xxx\vendor\yiisoft\yii2\db\Command.php(219): yii\db\Connection->getSlavePdo()
#5 D:\phpStudy\WWW\xxx\vendor\yiisoft\yii2\db\Command.php(896): yii\db\Command->prepare(true)
#6 D:\phpStudy\WWW\xxx\vendor\yiisoft\yii2\db\Command.php(362): yii\db\Command->queryInternal('fetchAll', NULL)
#7 D:\phpStudy\WWW\xxx\vendor\yiisoft\yii2\db\mysql\Schema.php(199): yii\db\Command->queryAll()
#8 D:\phpStudy\WWW\xxx\vendor\yiisoft\yii2\db\mysql\Schema.php(98): yii\db\mysql\Schema->findColumns(Object(yii\db\TableSchema))
#9 D:\phpStudy\WWW\xxx\vendor\yiisoft\yii2\db\Schema.php(152): yii\db\mysql\Schema->loadTableSchema('migration')
#10 D:\phpStudy\WWW\xxx\vendor\yiisoft\yii2\console\controllers\MigrateController.php(199): yii\db\Schema->getTableSchema('{{%migration}}', true)
#11 D:\phpStudy\WWW\xxx\vendor\yiisoft\yii2\console\controllers\BaseMigrateController.php(774): yii\console\controllers\MigrateController->getMigrationHistory(NULL)
#12 D:\phpStudy\WWW\xxx\vendor\yiisoft\yii2\console\controllers\BaseMigrateController.php(138): yii\console\controllers\BaseMigrateController->getNewMigrations()
#13 [internal function]: yii\console\controllers\BaseMigrateController->actionUp(0)
#14 D:\phpStudy\WWW\xxx\vendor\yiisoft\yii2\base\InlineAction.php(57): call_user_func_array(Array, Array)
#15 D:\phpStudy\WWW\xxx\vendor\yiisoft\yii2\base\Controller.php(156): yii\base\InlineAction->runWithParams(Array)
#16 D:\phpStudy\WWW\xxx\vendor\yiisoft\yii2\console\Controller.php(128): yii\base\Controller->runAction('', Array)
#17 D:\phpStudy\WWW\xxx\vendor\yiisoft\yii2\base\Module.php(523): yii\console\Controller->runAction('', Array)
#18 D:\phpStudy\WWW\xxx\vendor\yiisoft\yii2\console\Application.php(180): yii\base\Module->runAction('migrate', Array)
#19 D:\phpStudy\WWW\xxx\vendor\yiisoft\yii2\console\Application.php(147): yii\console\Application->runAction('migrate', Array)
#20 D:\phpStudy\WWW\xxx\vendor\yiisoft\yii2\base\Application.php(380): yii\console\Application->handleRequest(Object(yii\console\Request))
#21 D:\phpStudy\WWW\xxx\yii(27): yii\base\Application->run()
#22 {main}

Next yii\db\Exception: SQLSTATE[HY000] [1049] Unknown database 'xxx' in D:\phpStudy\WWW\xxx\vendor\yiisoft\yii2\db\Connection.php:568
Stack trace:
#0 D:\phpStudy\WWW\xxx\vendor\yiisoft\yii2\db\Connection.php(896): yii\db\Connection->open()
#1 D:\phpStudy\WWW\xxx\vendor\yiisoft\yii2\db\Connection.php(883): yii\db\Connection->getMasterPdo()
#2 D:\phpStudy\WWW\xxx\vendor\yiisoft\yii2\db\Command.php(219): yii\db\Connection->getSlavePdo()
#3 D:\phpStudy\WWW\xxx\vendor\yiisoft\yii2\db\Command.php(896): yii\db\Command->prepare(true)
#4 D:\phpStudy\WWW\xxx\vendor\yiisoft\yii2\db\Command.php(362): yii\db\Command->queryInternal('fetchAll', NULL)
#5 D:\phpStudy\WWW\xxx\vendor\yiisoft\yii2\db\mysql\Schema.php(199): yii\db\Command->queryAll()
#6 D:\phpStudy\WWW\xxx\vendor\yiisoft\yii2\db\mysql\Schema.php(98): yii\db\mysql\Schema->findColumns(Object(yii\db\TableSchema))
#7 D:\phpStudy\WWW\xxx\vendor\yiisoft\yii2\db\Schema.php(152): yii\db\mysql\Schema->loadTableSchema('migration')
#8 D:\phpStudy\WWW\xxx\vendor\yiisoft\yii2\console\controllers\MigrateController.php(199): yii\db\Schema->getTableSchema('{{%migration}}', true)
#9 D:\phpStudy\WWW\xxx\vendor\yiisoft\yii2\console\controllers\BaseMigrateController.php(774): yii\console\controllers\MigrateController->getMigrationHistory(NULL)
#10 D:\phpStudy\WWW\xxx\vendor\yiisoft\yii2\console\controllers\BaseMigrateController.php(138): yii\console\controllers\BaseMigrateController->getNewMigrations()
#11 [internal function]: yii\console\controllers\BaseMigrateController->actionUp(0)
#12 D:\phpStudy\WWW\xxx\vendor\yiisoft\yii2\base\InlineAction.php(57): call_user_func_array(Array, Array)
#13 D:\phpStudy\WWW\xxx\vendor\yiisoft\yii2\base\Controller.php(156): yii\base\InlineAction->runWithParams(Array)
#14 D:\phpStudy\WWW\xxx\vendor\yiisoft\yii2\console\Controller.php(128): yii\base\Controller->runAction('', Array)
#15 D:\phpStudy\WWW\xxx\vendor\yiisoft\yii2\base\Module.php(523): yii\console\Controller->runAction('', Array)
#16 D:\phpStudy\WWW\xxx\vendor\yiisoft\yii2\console\Application.php(180): yii\base\Module->runAction('migrate', Array)
#17 D:\phpStudy\WWW\xxx\vendor\yiisoft\yii2\console\Application.php(147): yii\console\Application->runAction('migrate', Array)
#18 D:\phpStudy\WWW\xxx\vendor\yiisoft\yii2\base\Application.php(380): yii\console\Application->handleRequest(Object(yii\console\Request))
#19 D:\phpStudy\WWW\xxx\yii(27): yii\base\Application->run()
#20 {main}
Additional Information:

2017-04-06 06:56:17 [-][-][-][info][application] $_SERVER = [
    'ALLUSERSPROFILE' => 'C:\\ProgramData'
    'APPDATA' => 'C:\\Users\\Looking\\AppData\\Roaming'
    'asl_log' => 'Destination=file'
    'CommonProgramFiles' => 'C:\\Program Files (x86)\\Common Files'
    'CommonProgramFiles(x86)' => 'C:\\Program Files (x86)\\Common Files'
    'CommonProgramW6432' => 'C:\\Program Files\\Common Files'
    'COMPUTERNAME' => 'LOOKING'
    'ComSpec' => 'C:\\WINDOWS\\system32\\cmd.exe'
    'HOMEDRIVE' => 'C:'
    'HOMEPATH' => '\\Users\\Looking'
    'LOCALAPPDATA' => 'C:\\Users\\Looking\\AppData\\Local'
    'LOGONSERVER' => '\\\\LOOKING'
    'NUMBER_OF_PROCESSORS' => '4'
    'OS' => 'Windows_NT'
    'Path' => 'C:\\WINDOWS\\system32;C:\\WINDOWS;C:\\WINDOWS\\System32\\Wbem;C:\\WINDOWS\\System32\\WindowsPowerShell\\v1.0\\;C:\\Users\\Looking\\.dnx\\bin;C:\\Program Files\\Microsoft DNX\\Dnvm\\;C:\\Program Files\\Microsoft SQL Server\\130\\Tools\\Binn\\;C:\\Program Files (x86)\\NVIDIA Corporation\\PhysX\\Common;C:\\WINDOWS\\system32;C:\\WINDOWS;C:\\WINDOWS\\System32\\Wbem;C:\\WINDOWS\\System32\\WindowsPowerShell\\v1.0\\;C:\\Program Files\\nodejs\\;D:\\phpStudy\\php70n\\;C:\\Users\\Looking\\AppData\\Local\\Programs\\Python\\Python36\\Scripts\\;C:\\Users\\Looking\\AppData\\Local\\Programs\\Python\\Python36\\;C:\\Users\\Looking\\AppData\\Roaming\\npm;C:\\Users\\Looking\\AppData\\Local\\Microsoft\\WindowsApps;'
    'PATHEXT' => '.COM;.EXE;.BAT;.CMD;.VBS;.VBE;.JS;.JSE;.WSF;.WSH;.MSC'
    'PROCESSOR_ARCHITECTURE' => 'x86'
    'PROCESSOR_ARCHITEW6432' => 'AMD64'
    'PROCESSOR_IDENTIFIER' => 'Intel64 Family 6 Model 69 Stepping 1, GenuineIntel'
    'PROCESSOR_LEVEL' => '6'
    'PROCESSOR_REVISION' => '4501'
    'ProgramData' => 'C:\\ProgramData'
    'ProgramFiles' => 'C:\\Program Files (x86)'
    'ProgramFiles(x86)' => 'C:\\Program Files (x86)'
    'ProgramW6432' => 'C:\\Program Files'
    'PROMPT' => '$P$G'
    'PSModulePath' => 'C:\\Program Files\\WindowsPowerShell\\Modules;C:\\WINDOWS\\system32\\WindowsPowerShell\\v1.0\\Modules'
    'PUBLIC' => 'C:\\Users\\Public'
    'SESSIONNAME' => 'Console'
    'SystemDrive' => 'C:'
    'SystemRoot' => 'C:\\WINDOWS'
    'TEMP' => 'C:\\Users\\Looking\\AppData\\Local\\Temp'
    'TMP' => 'C:\\Users\\Looking\\AppData\\Local\\Temp'
    'USERDOMAIN' => 'LOOKING'
    'USERDOMAIN_ROAMINGPROFILE' => 'LOOKING'
    'USERNAME' => 'Looking'
    'USERPROFILE' => 'C:\\Users\\Looking'
    'VS140COMNTOOLS' => 'C:\\Program Files (x86)\\Microsoft Visual Studio 14.0\\Common7\\Tools\\'
    'windir' => 'C:\\WINDOWS'
    'XCPLAYER_ADB_SERVER_PORT' => '8038'
    'PHP_SELF' => 'yii'
    'SCRIPT_NAME' => 'yii'
    'SCRIPT_FILENAME' => 'yii'
    'PATH_TRANSLATED' => 'yii'
    'DOCUMENT_ROOT' => ''
    'REQUEST_TIME_FLOAT' => 1491461777.7553
    'REQUEST_TIME' => 1491461777
    'argv' => [
        0 => 'yii'
        1 => 'migrate'
    ]
    'argc' => 2
]
2017-04-06 07:57:13 [-][-][-][error][yii\console\UnknownCommandException] yii\base\InvalidRouteException: Unable to resolve the request "migration". in D:\phpStudy\WWW\xxx\vendor\yiisoft\yii2\base\Module.php:532
Stack trace:
#0 D:\phpStudy\WWW\xxx\vendor\yiisoft\yii2\console\Application.php(180): yii\base\Module->runAction('migration', Array)
#1 D:\phpStudy\WWW\xxx\vendor\yiisoft\yii2\console\Application.php(147): yii\console\Application->runAction('migration', Array)
#2 D:\phpStudy\WWW\xxx\vendor\yiisoft\yii2\base\Application.php(380): yii\console\Application->handleRequest(Object(yii\console\Request))
#3 D:\phpStudy\WWW\xxx\yii(27): yii\base\Application->run()
#4 {main}

Next yii\console\UnknownCommandException: Unknown command "migration". in D:\phpStudy\WWW\xxx\vendor\yiisoft\yii2\console\Application.php:183
Stack trace:
#0 D:\phpStudy\WWW\xxx\vendor\yiisoft\yii2\console\Application.php(147): yii\console\Application->runAction('migration', Array)
#1 D:\phpStudy\WWW\xxx\vendor\yiisoft\yii2\base\Application.php(380): yii\console\Application->handleRequest(Object(yii\console\Request))
#2 D:\phpStudy\WWW\xxx\yii(27): yii\base\Application->run()
#3 {main}
2017-04-06 07:57:13 [-][-][-][info][application] $_SERVER = [
    'ALLUSERSPROFILE' => 'C:\\ProgramData'
    'APPDATA' => 'C:\\Users\\Looking\\AppData\\Roaming'
    'asl_log' => 'Destination=file'
    'CommonProgramFiles' => 'C:\\Program Files (x86)\\Common Files'
    'CommonProgramFiles(x86)' => 'C:\\Program Files (x86)\\Common Files'
    'CommonProgramW6432' => 'C:\\Program Files\\Common Files'
    'COMPUTERNAME' => 'LOOKING'
    'ComSpec' => 'C:\\WINDOWS\\system32\\cmd.exe'
    'HOMEDRIVE' => 'C:'
    'HOMEPATH' => '\\Users\\Looking'
    'LOCALAPPDATA' => 'C:\\Users\\Looking\\AppData\\Local'
    'LOGONSERVER' => '\\\\LOOKING'
    'NUMBER_OF_PROCESSORS' => '4'
    'OS' => 'Windows_NT'
    'Path' => 'C:\\WINDOWS\\system32;C:\\WINDOWS;C:\\WINDOWS\\System32\\Wbem;C:\\WINDOWS\\System32\\WindowsPowerShell\\v1.0\\;C:\\Users\\Looking\\.dnx\\bin;C:\\Program Files\\Microsoft DNX\\Dnvm\\;C:\\Program Files\\Microsoft SQL Server\\130\\Tools\\Binn\\;C:\\Program Files (x86)\\NVIDIA Corporation\\PhysX\\Common;C:\\WINDOWS\\system32;C:\\WINDOWS;C:\\WINDOWS\\System32\\Wbem;C:\\WINDOWS\\System32\\WindowsPowerShell\\v1.0\\;C:\\Program Files\\nodejs\\;D:\\phpStudy\\php70n\\;C:\\Users\\Looking\\AppData\\Local\\Programs\\Python\\Python36\\Scripts\\;C:\\Users\\Looking\\AppData\\Local\\Programs\\Python\\Python36\\;C:\\Users\\Looking\\AppData\\Roaming\\npm;C:\\Users\\Looking\\AppData\\Local\\Microsoft\\WindowsApps;'
    'PATHEXT' => '.COM;.EXE;.BAT;.CMD;.VBS;.VBE;.JS;.JSE;.WSF;.WSH;.MSC'
    'PROCESSOR_ARCHITECTURE' => 'x86'
    'PROCESSOR_ARCHITEW6432' => 'AMD64'
    'PROCESSOR_IDENTIFIER' => 'Intel64 Family 6 Model 69 Stepping 1, GenuineIntel'
    'PROCESSOR_LEVEL' => '6'
    'PROCESSOR_REVISION' => '4501'
    'ProgramData' => 'C:\\ProgramData'
    'ProgramFiles' => 'C:\\Program Files (x86)'
    'ProgramFiles(x86)' => 'C:\\Program Files (x86)'
    'ProgramW6432' => 'C:\\Program Files'
    'PROMPT' => '$P$G'
    'PSModulePath' => 'C:\\Program Files\\WindowsPowerShell\\Modules;C:\\WINDOWS\\system32\\WindowsPowerShell\\v1.0\\Modules'
    'PUBLIC' => 'C:\\Users\\Public'
    'SESSIONNAME' => 'Console'
    'SystemDrive' => 'C:'
    'SystemRoot' => 'C:\\WINDOWS'
    'TEMP' => 'C:\\Users\\Looking\\AppData\\Local\\Temp'
    'TMP' => 'C:\\Users\\Looking\\AppData\\Local\\Temp'
    'USERDOMAIN' => 'LOOKING'
    'USERDOMAIN_ROAMINGPROFILE' => 'LOOKING'
    'USERNAME' => 'Looking'
    'USERPROFILE' => 'C:\\Users\\Looking'
    'VS140COMNTOOLS' => 'C:\\Program Files (x86)\\Microsoft Visual Studio 14.0\\Common7\\Tools\\'
    'windir' => 'C:\\WINDOWS'
    'XCPLAYER_ADB_SERVER_PORT' => '8038'
    'PHP_SELF' => 'yii'
    'SCRIPT_NAME' => 'yii'
    'SCRIPT_FILENAME' => 'yii'
    'PATH_TRANSLATED' => 'yii'
    'DOCUMENT_ROOT' => ''
    'REQUEST_TIME_FLOAT' => 1491465433.3432
    'REQUEST_TIME' => 1491465433
    'argv' => [
        0 => 'yii'
        1 => 'migration'
    ]
    'argc' => 2
]
2017-04-06 07:57:28 [-][-][-][error][yii\console\UnknownCommandException] yii\base\InvalidRouteException: Unable to resolve the request "migration". in D:\phpStudy\WWW\xxx\vendor\yiisoft\yii2\base\Module.php:532
Stack trace:
#0 D:\phpStudy\WWW\xxx\vendor\yiisoft\yii2\console\Application.php(180): yii\base\Module->runAction('migration', Array)
#1 D:\phpStudy\WWW\xxx\vendor\yiisoft\yii2\console\Application.php(147): yii\console\Application->runAction('migration', Array)
#2 D:\phpStudy\WWW\xxx\vendor\yiisoft\yii2\base\Application.php(380): yii\console\Application->handleRequest(Object(yii\console\Request))
#3 D:\phpStudy\WWW\xxx\yii(27): yii\base\Application->run()
#4 {main}

Next yii\console\UnknownCommandException: Unknown command "migration". in D:\phpStudy\WWW\xxx\vendor\yiisoft\yii2\console\Application.php:183
Stack trace:
#0 D:\phpStudy\WWW\xxx\vendor\yiisoft\yii2\console\Application.php(147): yii\console\Application->runAction('migration', Array)
#1 D:\phpStudy\WWW\xxx\vendor\yiisoft\yii2\base\Application.php(380): yii\console\Application->handleRequest(Object(yii\console\Request))
#2 D:\phpStudy\WWW\xxx\yii(27): yii\base\Application->run()
#3 {main}
2017-04-06 07:57:28 [-][-][-][info][application] $_SERVER = [
    'ALLUSERSPROFILE' => 'C:\\ProgramData'
    'APPDATA' => 'C:\\Users\\Looking\\AppData\\Roaming'
    'asl_log' => 'Destination=file'
    'CommonProgramFiles' => 'C:\\Program Files (x86)\\Common Files'
    'CommonProgramFiles(x86)' => 'C:\\Program Files (x86)\\Common Files'
    'CommonProgramW6432' => 'C:\\Program Files\\Common Files'
    'COMPUTERNAME' => 'LOOKING'
    'ComSpec' => 'C:\\WINDOWS\\system32\\cmd.exe'
    'HOMEDRIVE' => 'C:'
    'HOMEPATH' => '\\Users\\Looking'
    'LOCALAPPDATA' => 'C:\\Users\\Looking\\AppData\\Local'
    'LOGONSERVER' => '\\\\LOOKING'
    'NUMBER_OF_PROCESSORS' => '4'
    'OS' => 'Windows_NT'
    'Path' => 'C:\\WINDOWS\\system32;C:\\WINDOWS;C:\\WINDOWS\\System32\\Wbem;C:\\WINDOWS\\System32\\WindowsPowerShell\\v1.0\\;C:\\Users\\Looking\\.dnx\\bin;C:\\Program Files\\Microsoft DNX\\Dnvm\\;C:\\Program Files\\Microsoft SQL Server\\130\\Tools\\Binn\\;C:\\Program Files (x86)\\NVIDIA Corporation\\PhysX\\Common;C:\\WINDOWS\\system32;C:\\WINDOWS;C:\\WINDOWS\\System32\\Wbem;C:\\WINDOWS\\System32\\WindowsPowerShell\\v1.0\\;C:\\Program Files\\nodejs\\;D:\\phpStudy\\php70n\\;C:\\Users\\Looking\\AppData\\Local\\Programs\\Python\\Python36\\Scripts\\;C:\\Users\\Looking\\AppData\\Local\\Programs\\Python\\Python36\\;C:\\Users\\Looking\\AppData\\Roaming\\npm;C:\\Users\\Looking\\AppData\\Local\\Microsoft\\WindowsApps;'
    'PATHEXT' => '.COM;.EXE;.BAT;.CMD;.VBS;.VBE;.JS;.JSE;.WSF;.WSH;.MSC'
    'PROCESSOR_ARCHITECTURE' => 'x86'
    'PROCESSOR_ARCHITEW6432' => 'AMD64'
    'PROCESSOR_IDENTIFIER' => 'Intel64 Family 6 Model 69 Stepping 1, GenuineIntel'
    'PROCESSOR_LEVEL' => '6'
    'PROCESSOR_REVISION' => '4501'
    'ProgramData' => 'C:\\ProgramData'
    'ProgramFiles' => 'C:\\Program Files (x86)'
    'ProgramFiles(x86)' => 'C:\\Program Files (x86)'
    'ProgramW6432' => 'C:\\Program Files'
    'PROMPT' => '$P$G'
    'PSModulePath' => 'C:\\Program Files\\WindowsPowerShell\\Modules;C:\\WINDOWS\\system32\\WindowsPowerShell\\v1.0\\Modules'
    'PUBLIC' => 'C:\\Users\\Public'
    'SESSIONNAME' => 'Console'
    'SystemDrive' => 'C:'
    'SystemRoot' => 'C:\\WINDOWS'
    'TEMP' => 'C:\\Users\\Looking\\AppData\\Local\\Temp'
    'TMP' => 'C:\\Users\\Looking\\AppData\\Local\\Temp'
    'USERDOMAIN' => 'LOOKING'
    'USERDOMAIN_ROAMINGPROFILE' => 'LOOKING'
    'USERNAME' => 'Looking'
    'USERPROFILE' => 'C:\\Users\\Looking'
    'VS140COMNTOOLS' => 'C:\\Program Files (x86)\\Microsoft Visual Studio 14.0\\Common7\\Tools\\'
    'windir' => 'C:\\WINDOWS'
    'XCPLAYER_ADB_SERVER_PORT' => '8038'
    'PHP_SELF' => 'yii'
    'SCRIPT_NAME' => 'yii'
    'SCRIPT_FILENAME' => 'yii'
    'PATH_TRANSLATED' => 'yii'
    'DOCUMENT_ROOT' => ''
    'REQUEST_TIME_FLOAT' => 1491465448.5517
    'REQUEST_TIME' => 1491465448
    'argv' => [
        0 => 'yii'
        1 => 'migration'
    ]
    'argc' => 2
]
2017-04-06 07:57:43 [-][-][-][error][yii\db\Exception] PDOException: SQLSTATE[42S01]: Base table or view already exists: 1050 Table 'user' already exists in D:\phpStudy\WWW\xxx\vendor\yiisoft\yii2\db\Command.php:846
Stack trace:
#0 D:\phpStudy\WWW\xxx\vendor\yiisoft\yii2\db\Command.php(846): PDOStatement->execute()
#1 D:\phpStudy\WWW\xxx\vendor\yiisoft\yii2\db\Migration.php(274): yii\db\Command->execute()
#2 D:\phpStudy\WWW\xxx\console\migrations\m130524_201442_init.php(25): yii\db\Migration->createTable('{{%user}}', Array, 'CHARACTER SET u...')
#3 D:\phpStudy\WWW\xxx\vendor\yiisoft\yii2\console\controllers\BaseMigrateController.php(654): m130524_201442_init->up()
#4 D:\phpStudy\WWW\xxx\vendor\yiisoft\yii2\console\controllers\BaseMigrateController.php(166): yii\console\controllers\BaseMigrateController->migrateUp('m130524_201442_...')
#5 [internal function]: yii\console\controllers\BaseMigrateController->actionUp(0)
#6 D:\phpStudy\WWW\xxx\vendor\yiisoft\yii2\base\InlineAction.php(57): call_user_func_array(Array, Array)
#7 D:\phpStudy\WWW\xxx\vendor\yiisoft\yii2\base\Controller.php(156): yii\base\InlineAction->runWithParams(Array)
#8 D:\phpStudy\WWW\xxx\vendor\yiisoft\yii2\console\Controller.php(128): yii\base\Controller->runAction('', Array)
#9 D:\phpStudy\WWW\xxx\vendor\yiisoft\yii2\base\Module.php(523): yii\console\Controller->runAction('', Array)
#10 D:\phpStudy\WWW\xxx\vendor\yiisoft\yii2\console\Application.php(180): yii\base\Module->runAction('migrate', Array)
#11 D:\phpStudy\WWW\xxx\vendor\yiisoft\yii2\console\Application.php(147): yii\console\Application->runAction('migrate', Array)
#12 D:\phpStudy\WWW\xxx\vendor\yiisoft\yii2\base\Application.php(380): yii\console\Application->handleRequest(Object(yii\console\Request))
#13 D:\phpStudy\WWW\xxx\yii(27): yii\base\Application->run()
#14 {main}

Next yii\db\Exception: SQLSTATE[42S01]: Base table or view already exists: 1050 Table 'user' already exists
The SQL being executed was: CREATE TABLE `user` (
	`id` int(11) NOT NULL AUTO_INCREMENT PRIMARY KEY,
	`username` varchar(255) NOT NULL UNIQUE,
	`auth_key` varchar(32) NOT NULL,
	`password_hash` varchar(255) NOT NULL,
	`password_reset_token` varchar(255) UNIQUE,
	`email` varchar(255) NOT NULL UNIQUE,
	`status` smallint(6) NOT NULL DEFAULT 10,
	`created_at` int(11) NOT NULL,
	`updated_at` int(11) NOT NULL
) CHARACTER SET utf8 COLLATE utf8_unicode_ci ENGINE=InnoDB in D:\phpStudy\WWW\xxx\vendor\yiisoft\yii2\db\Schema.php:636
Stack trace:
#0 D:\phpStudy\WWW\xxx\vendor\yiisoft\yii2\db\Command.php(856): yii\db\Schema->convertException(Object(PDOException), 'CREATE TABLE `u...')
#1 D:\phpStudy\WWW\xxx\vendor\yiisoft\yii2\db\Migration.php(274): yii\db\Command->execute()
#2 D:\phpStudy\WWW\xxx\console\migrations\m130524_201442_init.php(25): yii\db\Migration->createTable('{{%user}}', Array, 'CHARACTER SET u...')
#3 D:\phpStudy\WWW\xxx\vendor\yiisoft\yii2\console\controllers\BaseMigrateController.php(654): m130524_201442_init->up()
#4 D:\phpStudy\WWW\xxx\vendor\yiisoft\yii2\console\controllers\BaseMigrateController.php(166): yii\console\controllers\BaseMigrateController->migrateUp('m130524_201442_...')
#5 [internal function]: yii\console\controllers\BaseMigrateController->actionUp(0)
#6 D:\phpStudy\WWW\xxx\vendor\yiisoft\yii2\base\InlineAction.php(57): call_user_func_array(Array, Array)
#7 D:\phpStudy\WWW\xxx\vendor\yiisoft\yii2\base\Controller.php(156): yii\base\InlineAction->runWithParams(Array)
#8 D:\phpStudy\WWW\xxx\vendor\yiisoft\yii2\console\Controller.php(128): yii\base\Controller->runAction('', Array)
#9 D:\phpStudy\WWW\xxx\vendor\yiisoft\yii2\base\Module.php(523): yii\console\Controller->runAction('', Array)
#10 D:\phpStudy\WWW\xxx\vendor\yiisoft\yii2\console\Application.php(180): yii\base\Module->runAction('migrate', Array)
#11 D:\phpStudy\WWW\xxx\vendor\yiisoft\yii2\console\Application.php(147): yii\console\Application->runAction('migrate', Array)
#12 D:\phpStudy\WWW\xxx\vendor\yiisoft\yii2\base\Application.php(380): yii\console\Application->handleRequest(Object(yii\console\Request))
#13 D:\phpStudy\WWW\xxx\yii(27): yii\base\Application->run()
#14 {main}
Additional Information:
Array
(
    [0] => 42S01
    [1] => 1050
    [2] => Table 'user' already exists
)

2017-04-06 07:57:37 [-][-][-][info][application] $_SERVER = [
    'ALLUSERSPROFILE' => 'C:\\ProgramData'
    'APPDATA' => 'C:\\Users\\Looking\\AppData\\Roaming'
    'asl_log' => 'Destination=file'
    'CommonProgramFiles' => 'C:\\Program Files (x86)\\Common Files'
    'CommonProgramFiles(x86)' => 'C:\\Program Files (x86)\\Common Files'
    'CommonProgramW6432' => 'C:\\Program Files\\Common Files'
    'COMPUTERNAME' => 'LOOKING'
    'ComSpec' => 'C:\\WINDOWS\\system32\\cmd.exe'
    'HOMEDRIVE' => 'C:'
    'HOMEPATH' => '\\Users\\Looking'
    'LOCALAPPDATA' => 'C:\\Users\\Looking\\AppData\\Local'
    'LOGONSERVER' => '\\\\LOOKING'
    'NUMBER_OF_PROCESSORS' => '4'
    'OS' => 'Windows_NT'
    'Path' => 'C:\\WINDOWS\\system32;C:\\WINDOWS;C:\\WINDOWS\\System32\\Wbem;C:\\WINDOWS\\System32\\WindowsPowerShell\\v1.0\\;C:\\Users\\Looking\\.dnx\\bin;C:\\Program Files\\Microsoft DNX\\Dnvm\\;C:\\Program Files\\Microsoft SQL Server\\130\\Tools\\Binn\\;C:\\Program Files (x86)\\NVIDIA Corporation\\PhysX\\Common;C:\\WINDOWS\\system32;C:\\WINDOWS;C:\\WINDOWS\\System32\\Wbem;C:\\WINDOWS\\System32\\WindowsPowerShell\\v1.0\\;C:\\Program Files\\nodejs\\;D:\\phpStudy\\php70n\\;C:\\Users\\Looking\\AppData\\Local\\Programs\\Python\\Python36\\Scripts\\;C:\\Users\\Looking\\AppData\\Local\\Programs\\Python\\Python36\\;C:\\Users\\Looking\\AppData\\Roaming\\npm;C:\\Users\\Looking\\AppData\\Local\\Microsoft\\WindowsApps;'
    'PATHEXT' => '.COM;.EXE;.BAT;.CMD;.VBS;.VBE;.JS;.JSE;.WSF;.WSH;.MSC'
    'PROCESSOR_ARCHITECTURE' => 'x86'
    'PROCESSOR_ARCHITEW6432' => 'AMD64'
    'PROCESSOR_IDENTIFIER' => 'Intel64 Family 6 Model 69 Stepping 1, GenuineIntel'
    'PROCESSOR_LEVEL' => '6'
    'PROCESSOR_REVISION' => '4501'
    'ProgramData' => 'C:\\ProgramData'
    'ProgramFiles' => 'C:\\Program Files (x86)'
    'ProgramFiles(x86)' => 'C:\\Program Files (x86)'
    'ProgramW6432' => 'C:\\Program Files'
    'PROMPT' => '$P$G'
    'PSModulePath' => 'C:\\Program Files\\WindowsPowerShell\\Modules;C:\\WINDOWS\\system32\\WindowsPowerShell\\v1.0\\Modules'
    'PUBLIC' => 'C:\\Users\\Public'
    'SESSIONNAME' => 'Console'
    'SystemDrive' => 'C:'
    'SystemRoot' => 'C:\\WINDOWS'
    'TEMP' => 'C:\\Users\\Looking\\AppData\\Local\\Temp'
    'TMP' => 'C:\\Users\\Looking\\AppData\\Local\\Temp'
    'USERDOMAIN' => 'LOOKING'
    'USERDOMAIN_ROAMINGPROFILE' => 'LOOKING'
    'USERNAME' => 'Looking'
    'USERPROFILE' => 'C:\\Users\\Looking'
    'VS140COMNTOOLS' => 'C:\\Program Files (x86)\\Microsoft Visual Studio 14.0\\Common7\\Tools\\'
    'windir' => 'C:\\WINDOWS'
    'XCPLAYER_ADB_SERVER_PORT' => '8038'
    'PHP_SELF' => 'yii'
    'SCRIPT_NAME' => 'yii'
    'SCRIPT_FILENAME' => 'yii'
    'PATH_TRANSLATED' => 'yii'
    'DOCUMENT_ROOT' => ''
    'REQUEST_TIME_FLOAT' => 1491465457.1121
    'REQUEST_TIME' => 1491465457
    'argv' => [
        0 => 'yii'
        1 => 'migrate'
    ]
    'argc' => 2
]
2017-04-06 08:36:47 [-][-][-][error][yii\console\UnknownCommandException] yii\base\InvalidRouteException: Unable to resolve the request "mag". in D:\phpStudy\WWW\xxx\vendor\yiisoft\yii2\base\Module.php:532
Stack trace:
#0 D:\phpStudy\WWW\xxx\vendor\yiisoft\yii2\console\Application.php(180): yii\base\Module->runAction('mag', Array)
#1 D:\phpStudy\WWW\xxx\vendor\yiisoft\yii2\console\Application.php(147): yii\console\Application->runAction('mag', Array)
#2 D:\phpStudy\WWW\xxx\vendor\yiisoft\yii2\base\Application.php(380): yii\console\Application->handleRequest(Object(yii\console\Request))
#3 D:\phpStudy\WWW\xxx\yii(27): yii\base\Application->run()
#4 {main}

Next yii\console\UnknownCommandException: Unknown command "mag". in D:\phpStudy\WWW\xxx\vendor\yiisoft\yii2\console\Application.php:183
Stack trace:
#0 D:\phpStudy\WWW\xxx\vendor\yiisoft\yii2\console\Application.php(147): yii\console\Application->runAction('mag', Array)
#1 D:\phpStudy\WWW\xxx\vendor\yiisoft\yii2\base\Application.php(380): yii\console\Application->handleRequest(Object(yii\console\Request))
#2 D:\phpStudy\WWW\xxx\yii(27): yii\base\Application->run()
#3 {main}
2017-04-06 08:36:47 [-][-][-][info][application] $_SERVER = [
    'ALLUSERSPROFILE' => 'C:\\ProgramData'
    'APPDATA' => 'C:\\Users\\Looking\\AppData\\Roaming'
    'asl_log' => 'Destination=file'
    'CommonProgramFiles' => 'C:\\Program Files (x86)\\Common Files'
    'CommonProgramFiles(x86)' => 'C:\\Program Files (x86)\\Common Files'
    'CommonProgramW6432' => 'C:\\Program Files\\Common Files'
    'COMPUTERNAME' => 'LOOKING'
    'ComSpec' => 'C:\\WINDOWS\\system32\\cmd.exe'
    'HOMEDRIVE' => 'C:'
    'HOMEPATH' => '\\Users\\Looking'
    'LOCALAPPDATA' => 'C:\\Users\\Looking\\AppData\\Local'
    'LOGONSERVER' => '\\\\LOOKING'
    'NUMBER_OF_PROCESSORS' => '4'
    'OS' => 'Windows_NT'
    'Path' => 'C:\\WINDOWS\\system32;C:\\WINDOWS;C:\\WINDOWS\\System32\\Wbem;C:\\WINDOWS\\System32\\WindowsPowerShell\\v1.0\\;C:\\Users\\Looking\\.dnx\\bin;C:\\Program Files\\Microsoft DNX\\Dnvm\\;C:\\Program Files\\Microsoft SQL Server\\130\\Tools\\Binn\\;C:\\Program Files (x86)\\NVIDIA Corporation\\PhysX\\Common;C:\\WINDOWS\\system32;C:\\WINDOWS;C:\\WINDOWS\\System32\\Wbem;C:\\WINDOWS\\System32\\WindowsPowerShell\\v1.0\\;C:\\Program Files\\nodejs\\;D:\\phpStudy\\php70n\\;C:\\Users\\Looking\\AppData\\Local\\Programs\\Python\\Python36\\Scripts\\;C:\\Users\\Looking\\AppData\\Local\\Programs\\Python\\Python36\\;C:\\Users\\Looking\\AppData\\Roaming\\npm;C:\\Users\\Looking\\AppData\\Local\\Microsoft\\WindowsApps;'
    'PATHEXT' => '.COM;.EXE;.BAT;.CMD;.VBS;.VBE;.JS;.JSE;.WSF;.WSH;.MSC'
    'PROCESSOR_ARCHITECTURE' => 'x86'
    'PROCESSOR_ARCHITEW6432' => 'AMD64'
    'PROCESSOR_IDENTIFIER' => 'Intel64 Family 6 Model 69 Stepping 1, GenuineIntel'
    'PROCESSOR_LEVEL' => '6'
    'PROCESSOR_REVISION' => '4501'
    'ProgramData' => 'C:\\ProgramData'
    'ProgramFiles' => 'C:\\Program Files (x86)'
    'ProgramFiles(x86)' => 'C:\\Program Files (x86)'
    'ProgramW6432' => 'C:\\Program Files'
    'PROMPT' => '$P$G'
    'PSModulePath' => 'C:\\Program Files\\WindowsPowerShell\\Modules;C:\\WINDOWS\\system32\\WindowsPowerShell\\v1.0\\Modules'
    'PUBLIC' => 'C:\\Users\\Public'
    'SESSIONNAME' => 'Console'
    'SystemDrive' => 'C:'
    'SystemRoot' => 'C:\\WINDOWS'
    'TEMP' => 'C:\\Users\\Looking\\AppData\\Local\\Temp'
    'TMP' => 'C:\\Users\\Looking\\AppData\\Local\\Temp'
    'USERDOMAIN' => 'LOOKING'
    'USERDOMAIN_ROAMINGPROFILE' => 'LOOKING'
    'USERNAME' => 'Looking'
    'USERPROFILE' => 'C:\\Users\\Looking'
    'VS140COMNTOOLS' => 'C:\\Program Files (x86)\\Microsoft Visual Studio 14.0\\Common7\\Tools\\'
    'windir' => 'C:\\WINDOWS'
    'XCPLAYER_ADB_SERVER_PORT' => '8038'
    'PHP_SELF' => 'yii'
    'SCRIPT_NAME' => 'yii'
    'SCRIPT_FILENAME' => 'yii'
    'PATH_TRANSLATED' => 'yii'
    'DOCUMENT_ROOT' => ''
    'REQUEST_TIME_FLOAT' => 1491467807.4498
    'REQUEST_TIME' => 1491467807
    'argv' => [
        0 => 'yii'
        1 => 'mag'
    ]
    'argc' => 2
]
2017-04-06 08:37:33 [-][-][-][error][yii\db\Exception] PDOException: SQLSTATE[42S01]: Base table or view already exists: 1050 Table 'user' already exists in D:\phpStudy\WWW\xxx\vendor\yiisoft\yii2\db\Command.php:846
Stack trace:
#0 D:\phpStudy\WWW\xxx\vendor\yiisoft\yii2\db\Command.php(846): PDOStatement->execute()
#1 D:\phpStudy\WWW\xxx\vendor\yiisoft\yii2\db\Migration.php(274): yii\db\Command->execute()
#2 D:\phpStudy\WWW\xxx\console\migrations\m130524_201442_init.php(25): yii\db\Migration->createTable('{{%user}}', Array, 'CHARACTER SET u...')
#3 D:\phpStudy\WWW\xxx\vendor\yiisoft\yii2\console\controllers\BaseMigrateController.php(654): m130524_201442_init->up()
#4 D:\phpStudy\WWW\xxx\vendor\yiisoft\yii2\console\controllers\BaseMigrateController.php(166): yii\console\controllers\BaseMigrateController->migrateUp('m130524_201442_...')
#5 [internal function]: yii\console\controllers\BaseMigrateController->actionUp(0)
#6 D:\phpStudy\WWW\xxx\vendor\yiisoft\yii2\base\InlineAction.php(57): call_user_func_array(Array, Array)
#7 D:\phpStudy\WWW\xxx\vendor\yiisoft\yii2\base\Controller.php(156): yii\base\InlineAction->runWithParams(Array)
#8 D:\phpStudy\WWW\xxx\vendor\yiisoft\yii2\console\Controller.php(128): yii\base\Controller->runAction('', Array)
#9 D:\phpStudy\WWW\xxx\vendor\yiisoft\yii2\base\Module.php(523): yii\console\Controller->runAction('', Array)
#10 D:\phpStudy\WWW\xxx\vendor\yiisoft\yii2\console\Application.php(180): yii\base\Module->runAction('migrate', Array)
#11 D:\phpStudy\WWW\xxx\vendor\yiisoft\yii2\console\Application.php(147): yii\console\Application->runAction('migrate', Array)
#12 D:\phpStudy\WWW\xxx\vendor\yiisoft\yii2\base\Application.php(380): yii\console\Application->handleRequest(Object(yii\console\Request))
#13 D:\phpStudy\WWW\xxx\yii(27): yii\base\Application->run()
#14 {main}

Next yii\db\Exception: SQLSTATE[42S01]: Base table or view already exists: 1050 Table 'user' already exists
The SQL being executed was: CREATE TABLE `user` (
	`id` int(11) NOT NULL AUTO_INCREMENT PRIMARY KEY,
	`username` varchar(255) NOT NULL UNIQUE,
	`auth_key` varchar(32) NOT NULL,
	`password_hash` varchar(255) NOT NULL,
	`password_reset_token` varchar(255) UNIQUE,
	`email` varchar(255) NOT NULL UNIQUE,
	`status` smallint(6) NOT NULL DEFAULT 10,
	`created_at` int(11) NOT NULL,
	`updated_at` int(11) NOT NULL
) CHARACTER SET utf8 COLLATE utf8_unicode_ci ENGINE=InnoDB in D:\phpStudy\WWW\xxx\vendor\yiisoft\yii2\db\Schema.php:636
Stack trace:
#0 D:\phpStudy\WWW\xxx\vendor\yiisoft\yii2\db\Command.php(856): yii\db\Schema->convertException(Object(PDOException), 'CREATE TABLE `u...')
#1 D:\phpStudy\WWW\xxx\vendor\yiisoft\yii2\db\Migration.php(274): yii\db\Command->execute()
#2 D:\phpStudy\WWW\xxx\console\migrations\m130524_201442_init.php(25): yii\db\Migration->createTable('{{%user}}', Array, 'CHARACTER SET u...')
#3 D:\phpStudy\WWW\xxx\vendor\yiisoft\yii2\console\controllers\BaseMigrateController.php(654): m130524_201442_init->up()
#4 D:\phpStudy\WWW\xxx\vendor\yiisoft\yii2\console\controllers\BaseMigrateController.php(166): yii\console\controllers\BaseMigrateController->migrateUp('m130524_201442_...')
#5 [internal function]: yii\console\controllers\BaseMigrateController->actionUp(0)
#6 D:\phpStudy\WWW\xxx\vendor\yiisoft\yii2\base\InlineAction.php(57): call_user_func_array(Array, Array)
#7 D:\phpStudy\WWW\xxx\vendor\yiisoft\yii2\base\Controller.php(156): yii\base\InlineAction->runWithParams(Array)
#8 D:\phpStudy\WWW\xxx\vendor\yiisoft\yii2\console\Controller.php(128): yii\base\Controller->runAction('', Array)
#9 D:\phpStudy\WWW\xxx\vendor\yiisoft\yii2\base\Module.php(523): yii\console\Controller->runAction('', Array)
#10 D:\phpStudy\WWW\xxx\vendor\yiisoft\yii2\console\Application.php(180): yii\base\Module->runAction('migrate', Array)
#11 D:\phpStudy\WWW\xxx\vendor\yiisoft\yii2\console\Application.php(147): yii\console\Application->runAction('migrate', Array)
#12 D:\phpStudy\WWW\xxx\vendor\yiisoft\yii2\base\Application.php(380): yii\console\Application->handleRequest(Object(yii\console\Request))
#13 D:\phpStudy\WWW\xxx\yii(27): yii\base\Application->run()
#14 {main}
Additional Information:
Array
(
    [0] => 42S01
    [1] => 1050
    [2] => Table 'user' already exists
)

2017-04-06 08:37:27 [-][-][-][info][application] $_SERVER = [
    'ALLUSERSPROFILE' => 'C:\\ProgramData'
    'APPDATA' => 'C:\\Users\\Looking\\AppData\\Roaming'
    'asl_log' => 'Destination=file'
    'CommonProgramFiles' => 'C:\\Program Files (x86)\\Common Files'
    'CommonProgramFiles(x86)' => 'C:\\Program Files (x86)\\Common Files'
    'CommonProgramW6432' => 'C:\\Program Files\\Common Files'
    'COMPUTERNAME' => 'LOOKING'
    'ComSpec' => 'C:\\WINDOWS\\system32\\cmd.exe'
    'HOMEDRIVE' => 'C:'
    'HOMEPATH' => '\\Users\\Looking'
    'LOCALAPPDATA' => 'C:\\Users\\Looking\\AppData\\Local'
    'LOGONSERVER' => '\\\\LOOKING'
    'NUMBER_OF_PROCESSORS' => '4'
    'OS' => 'Windows_NT'
    'Path' => 'C:\\WINDOWS\\system32;C:\\WINDOWS;C:\\WINDOWS\\System32\\Wbem;C:\\WINDOWS\\System32\\WindowsPowerShell\\v1.0\\;C:\\Users\\Looking\\.dnx\\bin;C:\\Program Files\\Microsoft DNX\\Dnvm\\;C:\\Program Files\\Microsoft SQL Server\\130\\Tools\\Binn\\;C:\\Program Files (x86)\\NVIDIA Corporation\\PhysX\\Common;C:\\WINDOWS\\system32;C:\\WINDOWS;C:\\WINDOWS\\System32\\Wbem;C:\\WINDOWS\\System32\\WindowsPowerShell\\v1.0\\;C:\\Program Files\\nodejs\\;D:\\phpStudy\\php70n\\;C:\\Users\\Looking\\AppData\\Local\\Programs\\Python\\Python36\\Scripts\\;C:\\Users\\Looking\\AppData\\Local\\Programs\\Python\\Python36\\;C:\\Users\\Looking\\AppData\\Roaming\\npm;C:\\Users\\Looking\\AppData\\Local\\Microsoft\\WindowsApps;'
    'PATHEXT' => '.COM;.EXE;.BAT;.CMD;.VBS;.VBE;.JS;.JSE;.WSF;.WSH;.MSC'
    'PROCESSOR_ARCHITECTURE' => 'x86'
    'PROCESSOR_ARCHITEW6432' => 'AMD64'
    'PROCESSOR_IDENTIFIER' => 'Intel64 Family 6 Model 69 Stepping 1, GenuineIntel'
    'PROCESSOR_LEVEL' => '6'
    'PROCESSOR_REVISION' => '4501'
    'ProgramData' => 'C:\\ProgramData'
    'ProgramFiles' => 'C:\\Program Files (x86)'
    'ProgramFiles(x86)' => 'C:\\Program Files (x86)'
    'ProgramW6432' => 'C:\\Program Files'
    'PROMPT' => '$P$G'
    'PSModulePath' => 'C:\\Program Files\\WindowsPowerShell\\Modules;C:\\WINDOWS\\system32\\WindowsPowerShell\\v1.0\\Modules'
    'PUBLIC' => 'C:\\Users\\Public'
    'SESSIONNAME' => 'Console'
    'SystemDrive' => 'C:'
    'SystemRoot' => 'C:\\WINDOWS'
    'TEMP' => 'C:\\Users\\Looking\\AppData\\Local\\Temp'
    'TMP' => 'C:\\Users\\Looking\\AppData\\Local\\Temp'
    'USERDOMAIN' => 'LOOKING'
    'USERDOMAIN_ROAMINGPROFILE' => 'LOOKING'
    'USERNAME' => 'Looking'
    'USERPROFILE' => 'C:\\Users\\Looking'
    'VS140COMNTOOLS' => 'C:\\Program Files (x86)\\Microsoft Visual Studio 14.0\\Common7\\Tools\\'
    'windir' => 'C:\\WINDOWS'
    'XCPLAYER_ADB_SERVER_PORT' => '8038'
    'PHP_SELF' => 'yii'
    'SCRIPT_NAME' => 'yii'
    'SCRIPT_FILENAME' => 'yii'
    'PATH_TRANSLATED' => 'yii'
    'DOCUMENT_ROOT' => ''
    'REQUEST_TIME_FLOAT' => 1491467847.6862
    'REQUEST_TIME' => 1491467847
    'argv' => [
        0 => 'yii'
        1 => 'migrate'
    ]
    'argc' => 2
]
